0 info it worked if it ends with ok
1 verbose cli [ 'node', '/usr/local/bin/npm', 'uninstall', 'nodemailer' ]
2 info using npm@1.4.28
3 info using node@v0.10.32
4 verbose node_modules/nodemailer unbuild
5 info preuninstall nodemailer@0.7.0
6 info uninstall nodemailer@0.7.0
7 verbose true,/Users/kraj2/Documents/Kuldip Data/Work/kuldip/kuldipWeb/node_modules,/Users/kraj2/Documents/Kuldip Data/Work/kuldip/kuldipWeb/node_modules unbuild nodemailer@0.7.0
8 info postuninstall nodemailer@0.7.0
9 error Error: EACCES, unlink '/Users/kraj2/Documents/Kuldip Data/Work/kuldip/kuldipWeb/node_modules/nodemailer/node_modules/.bin/he'
9 error  { [Error: EACCES, unlink '/Users/kraj2/Documents/Kuldip Data/Work/kuldip/kuldipWeb/node_modules/nodemailer/node_modules/.bin/he']
9 error   errno: 3,
9 error   code: 'EACCES',
9 error   path: '/Users/kraj2/Documents/Kuldip Data/Work/kuldip/kuldipWeb/node_modules/nodemailer/node_modules/.bin/he' }
10 error Please try running this command again as root/Administrator.
11 error System Darwin 13.4.0
12 error command "node" "/usr/local/bin/npm" "uninstall" "nodemailer"
13 error cwd /Users/kraj2/Documents/Kuldip Data/Work/kuldip/kuldipWeb
14 error node -v v0.10.32
15 error npm -v 1.4.28
16 error path /Users/kraj2/Documents/Kuldip Data/Work/kuldip/kuldipWeb/node_modules/nodemailer/node_modules/.bin/he
17 error code EACCES
18 error errno 3
19 error stack Error: EACCES, unlink '/Users/kraj2/Documents/Kuldip Data/Work/kuldip/kuldipWeb/node_modules/nodemailer/node_modules/.bin/he'
20 verbose exit [ 3, true ]
